13:52:54 **** Build of configuration Debug for project FINAL_PROJECT ****
make all 
Building file: ../CONTROL.c
Invoking: AVR Compiler
avr-gcc -Wall -g2 -gstabs -O0 -fpack-struct -fshort-enums -ffunction-sections -fdata-sections -std=gnu99 -funsigned-char -funsigned-bitfields -mmcu=atmega32 -DF_CPU=8000000UL -MMD -MP -MF"CONTROL.d" -MT"CONTROL.o" -c -o "CONTROL.o" "../CONTROL.c"
In file included from ../micro_config.h:22,
                 from ../Timer1.h:12,
                 from ../CONTROL.c:7:
c:/winavr-20100110/lib/gcc/../../avr/include/util/delay.h:90:3: warning: #warning "Compiler optimizations disabled; functions from <util/delay.h> won't work as designed"
Finished building: ../CONTROL.c
 
Building file: ../Timer1.c
Invoking: AVR Compiler
avr-gcc -Wall -g2 -gstabs -O0 -fpack-struct -fshort-enums -ffunction-sections -fdata-sections -std=gnu99 -funsigned-char -funsigned-bitfields -mmcu=atmega32 -DF_CPU=8000000UL -MMD -MP -MF"Timer1.d" -MT"Timer1.o" -c -o "Timer1.o" "../Timer1.c"
In file included from ../micro_config.h:22,
                 from ../Timer1.h:12,
                 from ../Timer1.c:7:
c:/winavr-20100110/lib/gcc/../../avr/include/util/delay.h:90:3: warning: #warning "Compiler optimizations disabled; functions from <util/delay.h> won't work as designed"
Finished building: ../Timer1.c
 
Building target: FINAL_PROJECT.elf
Invoking: AVR C Linker
avr-gcc -Wl,-Map,FINAL_PROJECT.map -mmcu=atmega32 -o "FINAL_PROJECT.elf"  ./CONTROL.o ./Timer1.o   
Finished building target: FINAL_PROJECT.elf
 
Invoking: AVR Create Extended Listing
avr-objdump -h -S FINAL_PROJECT.elf  >"FINAL_PROJECT.lss"
Finished building: FINAL_PROJECT.lss
 
Invoking: Print Size
avr-size --format=avr --mcu=atmega32 FINAL_PROJECT.elf
AVR Memory Usage
----------------
Device: atmega32

Program:    1404 bytes (4.3% Full)
(.text + .data + .bootloader)

Data:         10 bytes (0.5% Full)
(.data + .bss + .noinit)


Finished building: sizedummy
 
13:53:25 **** Incremental Build of configuration Debug for project FINAL_PROJECT ****
make all 
Building file: ../CONTROL.c
Invoking: AVR Compiler
avr-gcc -Wall -g2 -gstabs -O0 -fpack-struct -fshort-enums -ffunction-sections -fdata-sections -std=gnu99 -funsigned-char -funsigned-bitfields -mmcu=atmega32 -DF_CPU=8000000UL -MMD -MP -MF"CONTROL.d" -MT"CONTROL.o" -c -o "CONTROL.o" "../CONTROL.c"
In file included from ../micro_config.h:22,
                 from ../Timer1.h:12,
                 from ../CONTROL.c:7:
c:/winavr-20100110/lib/gcc/../../avr/include/util/delay.h:90:3: warning: #warning "Compiler optimizations disabled; functions from <util/delay.h> won't work as designed"
Finished building: ../CONTROL.c
 
Building target: FINAL_PROJECT.elf
Invoking: AVR C Linker
avr-gcc -Wl,-Map,FINAL_PROJECT.map -mmcu=atmega32 -o "FINAL_PROJECT.elf"  ./CONTROL.o ./Timer1.o   
Finished building target: FINAL_PROJECT.elf
 
Invoking: AVR Create Extended Listing
avr-objdump -h -S FINAL_PROJECT.elf  >"FINAL_PROJECT.lss"
Finished building: FINAL_PROJECT.lss
 
Invoking: Print Size
avr-size --format=avr --mcu=atmega32 FINAL_PROJECT.elf
AVR Memory Usage
----------------
Device: atmega32

Program:    1432 bytes (4.4% Full)
(.text + .data + .bootloader)

Data:         10 bytes (0.5% Full)
(.data + .bss + .noinit)


Finished building: sizedummy
 
13:55:33 **** Incremental Build of configuration Debug for project FINAL_PROJECT ****
make all 
Building file: ../CONTROL.c
Invoking: AVR Compiler
avr-gcc -Wall -g2 -gstabs -O0 -fpack-struct -fshort-enums -ffunction-sections -fdata-sections -std=gnu99 -funsigned-char -funsigned-bitfields -mmcu=atmega32 -DF_CPU=8000000UL -MMD -MP -MF"CONTROL.d" -MT"CONTROL.o" -c -o "CONTROL.o" "../CONTROL.c"
In file included from ../micro_config.h:22,
                 from ../E2PROM.h:11,
                 from ../CONTROL.c:7:
c:/winavr-20100110/lib/gcc/../../avr/include/util/delay.h:90:3: warning: #warning "Compiler optimizations disabled; functions from <util/delay.h> won't work as designed"
Finished building: ../CONTROL.c
 
Building file: ../E2PROM.c
Invoking: AVR Compiler
avr-gcc -Wall -g2 -gstabs -O0 -fpack-struct -fshort-enums -ffunction-sections -fdata-sections -std=gnu99 -funsigned-char -funsigned-bitfields -mmcu=atmega32 -DF_CPU=8000000UL -MMD -MP -MF"E2PROM.d" -MT"E2PROM.o" -c -o "E2PROM.o" "../E2PROM.c"
In file included from ../micro_config.h:22,
                 from ../E2PROM.h:11,
                 from ../E2PROM.c:8:
c:/winavr-20100110/lib/gcc/../../avr/include/util/delay.h:90:3: warning: #warning "Compiler optimizations disabled; functions from <util/delay.h> won't work as designed"
Finished building: ../E2PROM.c
 
Building file: ../I2C.c
Invoking: AVR Compiler
avr-gcc -Wall -g2 -gstabs -O0 -fpack-struct -fshort-enums -ffunction-sections -fdata-sections -std=gnu99 -funsigned-char -funsigned-bitfields -mmcu=atmega32 -DF_CPU=8000000UL -MMD -MP -MF"I2C.d" -MT"I2C.o" -c -o "I2C.o" "../I2C.c"
In file included from ../micro_config.h:22,
                 from ../I2C.h:11,
                 from ../I2C.c:8:
c:/winavr-20100110/lib/gcc/../../avr/include/util/delay.h:90:3: warning: #warning "Compiler optimizations disabled; functions from <util/delay.h> won't work as designed"
Finished building: ../I2C.c
 
Building file: ../UART.c
Invoking: AVR Compiler
avr-gcc -Wall -g2 -gstabs -O0 -fpack-struct -fshort-enums -ffunction-sections -fdata-sections -std=gnu99 -funsigned-char -funsigned-bitfields -mmcu=atmega32 -DF_CPU=8000000UL -MMD -MP -MF"UART.d" -MT"UART.o" -c -o "UART.o" "../UART.c"
In file included from ../micro_config.h:22,
                 from ../UART.h:11,
                 from ../UART.c:7:
c:/winavr-20100110/lib/gcc/../../avr/include/util/delay.h:90:3: warning: #warning "Compiler optimizations disabled; functions from <util/delay.h> won't work as designed"
Finished building: ../UART.c
 
Building target: FINAL_PROJECT.elf
Invoking: AVR C Linker
avr-gcc -Wl,-Map,FINAL_PROJECT.map -mmcu=atmega32 -o "FINAL_PROJECT.elf"  ./CONTROL.o ./E2PROM.o ./I2C.o ./Timer1.o ./UART.o   
Finished building target: FINAL_PROJECT.elf
 
Invoking: AVR Create Extended Listing
avr-objdump -h -S FINAL_PROJECT.elf  >"FINAL_PROJECT.lss"
Finished building: FINAL_PROJECT.lss
 
Invoking: Print Size
avr-size --format=avr --mcu=atmega32 FINAL_PROJECT.elf
AVR Memory Usage
----------------
Device: atmega32

Program:    8592 bytes (26.2% Full)
(.text + .data + .bootloader)

Data:        274 bytes (13.4% Full)
(.data + .bss + .noinit)


Finished building: sizedummy
 
13:56:27 **** Incremental Build of configuration Debug for project FINAL_PROJECT ****
make all 
Building file: ../CONTROL.c
Invoking: AVR Compiler
avr-gcc -Wall -g2 -gstabs -O0 -fpack-struct -fshort-enums -ffunction-sections -fdata-sections -std=gnu99 -funsigned-char -funsigned-bitfields -mmcu=atmega32 -DF_CPU=8000000UL -MMD -MP -MF"CONTROL.d" -MT"CONTROL.o" -c -o "CONTROL.o" "../CONTROL.c"
In file included from ../micro_config.h:22,
                 from ../E2PROM.h:11,
                 from ../CONTROL.c:7:
c:/winavr-20100110/lib/gcc/../../avr/include/util/delay.h:90:3: warning: #warning "Compiler optimizations disabled; functions from <util/delay.h> won't work as designed"
Finished building: ../CONTROL.c
 
Building target: FINAL_PROJECT.elf
Invoking: AVR C Linker
avr-gcc -Wl,-Map,FINAL_PROJECT.map -mmcu=atmega32 -o "FINAL_PROJECT.elf"  ./CONTROL.o ./E2PROM.o ./I2C.o ./Timer1.o ./UART.o   
Finished building target: FINAL_PROJECT.elf
 
Invoking: AVR Create Extended Listing
avr-objdump -h -S FINAL_PROJECT.elf  >"FINAL_PROJECT.lss"
Finished building: FINAL_PROJECT.lss
 
Invoking: Print Size
avr-size --format=avr --mcu=atmega32 FINAL_PROJECT.elf
AVR Memory Usage
----------------
Device: atmega32

Program:    8592 bytes (26.2% Full)
(.text + .data + .bootloader)

Data:        274 bytes (13.4% Full)
(.data + .bss + .noinit)


Finished building: sizedummy
 
13:58:54 **** Clean-only build of configuration Debug for project Control_MC2 ****
make clean 
rm -rf  ./CONTROL.o ./E2PROM.o ./I2C.o ./Timer1.o ./UART.o  sizedummy  FINAL_PROJECT.lss  ./CONTROL.d ./E2PROM.d ./I2C.d ./Timer1.d ./UART.d  FINAL_PROJECT.elf
 
13:58:54 **** Build of configuration Debug for project Control_MC2 ****
make all 
Building file: ../CONTROL.c
Invoking: AVR Compiler
avr-gcc -Wall -g2 -gstabs -O0 -fpack-struct -fshort-enums -ffunction-sections -fdata-sections -std=gnu99 -funsigned-char -funsigned-bitfields -mmcu=atmega32 -DF_CPU=8000000UL -MMD -MP -MF"CONTROL.d" -MT"CONTROL.o" -c -o "CONTROL.o" "../CONTROL.c"
In file included from ../micro_config.h:22,
                 from ../E2PROM.h:11,
                 from ../CONTROL.c:7:
c:/winavr-20100110/lib/gcc/../../avr/include/util/delay.h:90:3: warning: #warning "Compiler optimizations disabled; functions from <util/delay.h> won't work as designed"
Finished building: ../CONTROL.c
 
Building file: ../E2PROM.c
Invoking: AVR Compiler
avr-gcc -Wall -g2 -gstabs -O0 -fpack-struct -fshort-enums -ffunction-sections -fdata-sections -std=gnu99 -funsigned-char -funsigned-bitfields -mmcu=atmega32 -DF_CPU=8000000UL -MMD -MP -MF"E2PROM.d" -MT"E2PROM.o" -c -o "E2PROM.o" "../E2PROM.c"
In file included from ../micro_config.h:22,
                 from ../E2PROM.h:11,
                 from ../E2PROM.c:8:
c:/winavr-20100110/lib/gcc/../../avr/include/util/delay.h:90:3: warning: #warning "Compiler optimizations disabled; functions from <util/delay.h> won't work as designed"
Finished building: ../E2PROM.c
 
Building file: ../I2C.c
Invoking: AVR Compiler
avr-gcc -Wall -g2 -gstabs -O0 -fpack-struct -fshort-enums -ffunction-sections -fdata-sections -std=gnu99 -funsigned-char -funsigned-bitfields -mmcu=atmega32 -DF_CPU=8000000UL -MMD -MP -MF"I2C.d" -MT"I2C.o" -c -o "I2C.o" "../I2C.c"
In file included from ../micro_config.h:22,
                 from ../I2C.h:11,
                 from ../I2C.c:8:
c:/winavr-20100110/lib/gcc/../../avr/include/util/delay.h:90:3: warning: #warning "Compiler optimizations disabled; functions from <util/delay.h> won't work as designed"
Finished building: ../I2C.c
 
Building file: ../Timer1.c
Invoking: AVR Compiler
avr-gcc -Wall -g2 -gstabs -O0 -fpack-struct -fshort-enums -ffunction-sections -fdata-sections -std=gnu99 -funsigned-char -funsigned-bitfields -mmcu=atmega32 -DF_CPU=8000000UL -MMD -MP -MF"Timer1.d" -MT"Timer1.o" -c -o "Timer1.o" "../Timer1.c"
In file included from ../micro_config.h:22,
                 from ../Timer1.h:12,
                 from ../Timer1.c:7:
c:/winavr-20100110/lib/gcc/../../avr/include/util/delay.h:90:3: warning: #warning "Compiler optimizations disabled; functions from <util/delay.h> won't work as designed"
Finished building: ../Timer1.c
 
Building file: ../UART.c
Invoking: AVR Compiler
avr-gcc -Wall -g2 -gstabs -O0 -fpack-struct -fshort-enums -ffunction-sections -fdata-sections -std=gnu99 -funsigned-char -funsigned-bitfields -mmcu=atmega32 -DF_CPU=8000000UL -MMD -MP -MF"UART.d" -MT"UART.o" -c -o "UART.o" "../UART.c"
In file included from ../micro_config.h:22,
                 from ../UART.h:11,
                 from ../UART.c:7:
c:/winavr-20100110/lib/gcc/../../avr/include/util/delay.h:90:3: warning: #warning "Compiler optimizations disabled; functions from <util/delay.h> won't work as designed"
Finished building: ../UART.c
 
Building target: Control_MC2.elf
Invoking: AVR C Linker
avr-gcc -Wl,-Map,Control_MC2.map -mmcu=atmega32 -o "Control_MC2.elf"  ./CONTROL.o ./E2PROM.o ./I2C.o ./Timer1.o ./UART.o   
Finished building target: Control_MC2.elf
 
Invoking: AVR Create Extended Listing
avr-objdump -h -S Control_MC2.elf  >"Control_MC2.lss"
Finished building: Control_MC2.lss
 
Invoking: Print Size
avr-size --format=avr --mcu=atmega32 Control_MC2.elf
AVR Memory Usage
----------------
Device: atmega32

Program:    8592 bytes (26.2% Full)
(.text + .data + .bootloader)

Data:        274 bytes (13.4% Full)
(.data + .bss + .noinit)


Finished building: sizedummy
 
13:58:56 **** Build of configuration Debug for project HMI_MC1 ****
make all 
Building file: ../LCD.c
Invoking: AVR Compiler
avr-gcc -Wall -g2 -gstabs -O0 -fpack-struct -fshort-enums -ffunction-sections -fdata-sections -std=gnu99 -funsigned-char -funsigned-bitfields -mmcu=atmega32 -DF_CPU=8000000UL -MMD -MP -MF"LCD.d" -MT"LCD.o" -c -o "LCD.o" "../LCD.c"
In file included from ../Micro_Config.h:19,
                 from ../LCD.h:11,
                 from ../LCD.c:7:
c:/winavr-20100110/lib/gcc/../../avr/include/util/delay.h:90:3: warning: #warning "Compiler optimizations disabled; functions from <util/delay.h> won't work as designed"
Finished building: ../LCD.c
 
Building file: ../Timer1.c
Invoking: AVR Compiler
avr-gcc -Wall -g2 -gstabs -O0 -fpack-struct -fshort-enums -ffunction-sections -fdata-sections -std=gnu99 -funsigned-char -funsigned-bitfields -mmcu=atmega32 -DF_CPU=8000000UL -MMD -MP -MF"Timer1.d" -MT"Timer1.o" -c -o "Timer1.o" "../Timer1.c"
In file included from ../micro_config.h:19,
                 from ../Timer1.h:12,
                 from ../Timer1.c:7:
c:/winavr-20100110/lib/gcc/../../avr/include/util/delay.h:90:3: warning: #warning "Compiler optimizations disabled; functions from <util/delay.h> won't work as designed"
Finished building: ../Timer1.c
 
Building file: ../UART.c
Invoking: AVR Compiler
avr-gcc -Wall -g2 -gstabs -O0 -fpack-struct -fshort-enums -ffunction-sections -fdata-sections -std=gnu99 -funsigned-char -funsigned-bitfields -mmcu=atmega32 -DF_CPU=8000000UL -MMD -MP -MF"UART.d" -MT"UART.o" -c -o "UART.o" "../UART.c"
In file included from ../micro_config.h:19,
                 from ../UART.h:11,
                 from ../UART.c:7:
c:/winavr-20100110/lib/gcc/../../avr/include/util/delay.h:90:3: warning: #warning "Compiler optimizations disabled; functions from <util/delay.h> won't work as designed"
Finished building: ../UART.c
 
Building file: ../keypad.c
Invoking: AVR Compiler
avr-gcc -Wall -g2 -gstabs -O0 -fpack-struct -fshort-enums -ffunction-sections -fdata-sections -std=gnu99 -funsigned-char -funsigned-bitfields -mmcu=atmega32 -DF_CPU=8000000UL -MMD -MP -MF"keypad.d" -MT"keypad.o" -c -o "keypad.o" "../keypad.c"
In file included from ../micro_config.h:19,
                 from ../keypad.h:17,
                 from ../keypad.c:13:
c:/winavr-20100110/lib/gcc/../../avr/include/util/delay.h:90:3: warning: #warning "Compiler optimizations disabled; functions from <util/delay.h> won't work as designed"
Finished building: ../keypad.c
 
Building file: ../main.c
Invoking: AVR Compiler
avr-gcc -Wall -g2 -gstabs -O0 -fpack-struct -fshort-enums -ffunction-sections -fdata-sections -std=gnu99 -funsigned-char -funsigned-bitfields -mmcu=atmega32 -DF_CPU=8000000UL -MMD -MP -MF"main.d" -MT"main.o" -c -o "main.o" "../main.c"
In file included from ../Micro_Config.h:19,
                 from ../LCD.h:11,
                 from ../main.c:8:
c:/winavr-20100110/lib/gcc/../../avr/include/util/delay.h:90:3: warning: #warning "Compiler optimizations disabled; functions from <util/delay.h> won't work as designed"
Finished building: ../main.c
 
Building target: HMI_MC1.elf
Invoking: AVR C Linker
avr-gcc -Wl,-Map,HMI_MC1.map -mmcu=atmega32 -o "HMI_MC1.elf"  ./LCD.o ./Timer1.o ./UART.o ./keypad.o ./main.o   
Finished building target: HMI_MC1.elf
 
Invoking: AVR Create Extended Listing
avr-objdump -h -S HMI_MC1.elf  >"HMI_MC1.lss"
Finished building: HMI_MC1.lss
 
Invoking: Print Size
avr-size --format=avr --mcu=atmega32 HMI_MC1.elf
AVR Memory Usage
----------------
Device: atmega32

Program:   19994 bytes (61.0% Full)
(.text + .data + .bootloader)

Data:        454 bytes (22.2% Full)
(.data + .bss + .noinit)


Finished building: sizedummy
 
14:19:46 **** Incremental Build of configuration Debug for project Control_MC2 ****
make all 
Invoking: Print Size
avr-size --format=avr --mcu=atmega32 Control_MC2.elf
AVR Memory Usage
----------------
Device: atmega32

Program:    8592 bytes (26.2% Full)
(.text + .data + .bootloader)

Data:        274 bytes (13.4% Full)
(.data + .bss + .noinit)


Finished building: sizedummy
 
14:19:46 **** Incremental Build of configuration Debug for project HMI_MC1 ****
make all 
Building file: ../LCD.c
Invoking: AVR Compiler
avr-gcc -Wall -g2 -gstabs -O0 -fpack-struct -fshort-enums -ffunction-sections -fdata-sections -std=gnu99 -funsigned-char -funsigned-bitfields -mmcu=atmega32 -DF_CPU=8000000UL -MMD -MP -MF"LCD.d" -MT"LCD.o" -c -o "LCD.o" "../LCD.c"
In file included from ../Micro_Config.h:19,
                 from ../LCD.h:11,
                 from ../LCD.c:7:
c:/winavr-20100110/lib/gcc/../../avr/include/util/delay.h:90:3: warning: #warning "Compiler optimizations disabled; functions from <util/delay.h> won't work as designed"
Finished building: ../LCD.c
 
Building file: ../main.c
Invoking: AVR Compiler
avr-gcc -Wall -g2 -gstabs -O0 -fpack-struct -fshort-enums -ffunction-sections -fdata-sections -std=gnu99 -funsigned-char -funsigned-bitfields -mmcu=atmega32 -DF_CPU=8000000UL -MMD -MP -MF"main.d" -MT"main.o" -c -o "main.o" "../main.c"
In file included from ../Micro_Config.h:19,
                 from ../LCD.h:11,
                 from ../main.c:8:
c:/winavr-20100110/lib/gcc/../../avr/include/util/delay.h:90:3: warning: #warning "Compiler optimizations disabled; functions from <util/delay.h> won't work as designed"
Finished building: ../main.c
 
Building target: HMI_MC1.elf
Invoking: AVR C Linker
avr-gcc -Wl,-Map,HMI_MC1.map -mmcu=atmega32 -o "HMI_MC1.elf"  ./LCD.o ./Timer1.o ./UART.o ./keypad.o ./main.o   
Finished building target: HMI_MC1.elf
 
Invoking: AVR Create Extended Listing
avr-objdump -h -S HMI_MC1.elf  >"HMI_MC1.lss"
Finished building: HMI_MC1.lss
 
Invoking: Print Size
avr-size --format=avr --mcu=atmega32 HMI_MC1.elf
AVR Memory Usage
----------------
Device: atmega32

Program:   19994 bytes (61.0% Full)
(.text + .data + .bootloader)

Data:        454 bytes (22.2% Full)
(.data + .bss + .noinit)


Finished building: sizedummy
 
14:21:21 **** Incremental Build of configuration Debug for project Control_MC2 ****
make all 
Building file: ../CONTROL.c
Invoking: AVR Compiler
avr-gcc -Wall -g2 -gstabs -O0 -fpack-struct -fshort-enums -ffunction-sections -fdata-sections -std=gnu99 -funsigned-char -funsigned-bitfields -mmcu=atmega32 -DF_CPU=8000000UL -MMD -MP -MF"CONTROL.d" -MT"CONTROL.o" -c -o "CONTROL.o" "../CONTROL.c"
In file included from ../micro_config.h:22,
                 from ../E2PROM.h:11,
                 from ../CONTROL.c:7:
c:/winavr-20100110/lib/gcc/../../avr/include/util/delay.h:90:3: warning: #warning "Compiler optimizations disabled; functions from <util/delay.h> won't work as designed"
Finished building: ../CONTROL.c
 
Building target: Control_MC2.elf
Invoking: AVR C Linker
avr-gcc -Wl,-Map,Control_MC2.map -mmcu=atmega32 -o "Control_MC2.elf"  ./CONTROL.o ./E2PROM.o ./I2C.o ./Timer1.o ./UART.o   
Finished building target: Control_MC2.elf
 
Invoking: AVR Create Extended Listing
avr-objdump -h -S Control_MC2.elf  >"Control_MC2.lss"
Finished building: Control_MC2.lss
 
Invoking: Print Size
avr-size --format=avr --mcu=atmega32 Control_MC2.elf
AVR Memory Usage
----------------
Device: atmega32

Program:    8592 bytes (26.2% Full)
(.text + .data + .bootloader)

Data:        274 bytes (13.4% Full)
(.data + .bss + .noinit)


Finished building: sizedummy
 
14:21:22 **** Incremental Build of configuration Debug for project HMI_MC1 ****
make all 
Invoking: Print Size
avr-size --format=avr --mcu=atmega32 HMI_MC1.elf
AVR Memory Usage
----------------
Device: atmega32

Program:   19994 bytes (61.0% Full)
(.text + .data + .bootloader)

Data:        454 bytes (22.2% Full)
(.data + .bss + .noinit)


Finished building: sizedummy
 
14:23:01 **** Incremental Build of configuration Debug for project Control_MC2 ****
make all 
Building file: ../CONTROL.c
Invoking: AVR Compiler
avr-gcc -Wall -g2 -gstabs -O0 -fpack-struct -fshort-enums -ffunction-sections -fdata-sections -std=gnu99 -funsigned-char -funsigned-bitfields -mmcu=atmega32 -DF_CPU=8000000UL -MMD -MP -MF"CONTROL.d" -MT"CONTROL.o" -c -o "CONTROL.o" "../CONTROL.c"
In file included from ../micro_config.h:22,
                 from ../E2PROM.h:11,
                 from ../CONTROL.c:7:
c:/winavr-20100110/lib/gcc/../../avr/include/util/delay.h:90:3: warning: #warning "Compiler optimizations disabled; functions from <util/delay.h> won't work as designed"
Finished building: ../CONTROL.c
 
Building target: Control_MC2.elf
Invoking: AVR C Linker
avr-gcc -Wl,-Map,Control_MC2.map -mmcu=atmega32 -o "Control_MC2.elf"  ./CONTROL.o ./E2PROM.o ./I2C.o ./Timer1.o ./UART.o   
Finished building target: Control_MC2.elf
 
Invoking: AVR Create Extended Listing
avr-objdump -h -S Control_MC2.elf  >"Control_MC2.lss"
Finished building: Control_MC2.lss
 
Invoking: Print Size
avr-size --format=avr --mcu=atmega32 Control_MC2.elf
AVR Memory Usage
----------------
Device: atmega32

Program:    8592 bytes (26.2% Full)
(.text + .data + .bootloader)

Data:        274 bytes (13.4% Full)
(.data + .bss + .noinit)


Finished building: sizedummy
 
14:23:03 **** Incremental Build of configuration Debug for project HMI_MC1 ****
make all 
Invoking: Print Size
avr-size --format=avr --mcu=atmega32 HMI_MC1.elf
AVR Memory Usage
----------------
Device: atmega32

Program:   19994 bytes (61.0% Full)
(.text + .data + .bootloader)

Data:        454 bytes (22.2% Full)
(.data + .bss + .noinit)


Finished building: sizedummy
 
14:27:46 **** Incremental Build of configuration Debug for project Control_MC2 ****
make all 
Building file: ../CONTROL.c
Invoking: AVR Compiler
avr-gcc -Wall -g2 -gstabs -O0 -fpack-struct -fshort-enums -ffunction-sections -fdata-sections -std=gnu99 -funsigned-char -funsigned-bitfields -mmcu=atmega32 -DF_CPU=8000000UL -MMD -MP -MF"CONTROL.d" -MT"CONTROL.o" -c -o "CONTROL.o" "../CONTROL.c"
In file included from ../micro_config.h:22,
                 from ../E2PROM.h:11,
                 from ../CONTROL.c:7:
c:/winavr-20100110/lib/gcc/../../avr/include/util/delay.h:90:3: warning: #warning "Compiler optimizations disabled; functions from <util/delay.h> won't work as designed"
Finished building: ../CONTROL.c
 
Building target: Control_MC2.elf
Invoking: AVR C Linker
avr-gcc -Wl,-Map,Control_MC2.map -mmcu=atmega32 -o "Control_MC2.elf"  ./CONTROL.o ./E2PROM.o ./I2C.o ./Timer1.o ./UART.o   
Finished building target: Control_MC2.elf
 
Invoking: AVR Create Extended Listing
avr-objdump -h -S Control_MC2.elf  >"Control_MC2.lss"
Finished building: Control_MC2.lss
 
Invoking: Print Size
avr-size --format=avr --mcu=atmega32 Control_MC2.elf
AVR Memory Usage
----------------
Device: atmega32

Program:    8592 bytes (26.2% Full)
(.text + .data + .bootloader)

Data:        274 bytes (13.4% Full)
(.data + .bss + .noinit)


Finished building: sizedummy
 
14:27:47 **** Incremental Build of configuration Debug for project HMI_MC1 ****
make all 
Invoking: Print Size
avr-size --format=avr --mcu=atmega32 HMI_MC1.elf
AVR Memory Usage
----------------
Device: atmega32

Program:   19994 bytes (61.0% Full)
(.text + .data + .bootloader)

Data:        454 bytes (22.2% Full)
(.data + .bss + .noinit)


Finished building: sizedummy
 
14:29:07 **** Incremental Build of configuration Debug for project Control_MC2 ****
make all 
Building file: ../CONTROL.c
Invoking: AVR Compiler
avr-gcc -Wall -g2 -gstabs -O0 -fpack-struct -fshort-enums -ffunction-sections -fdata-sections -std=gnu99 -funsigned-char -funsigned-bitfields -mmcu=atmega32 -DF_CPU=8000000UL -MMD -MP -MF"CONTROL.d" -MT"CONTROL.o" -c -o "CONTROL.o" "../CONTROL.c"
In file included from ../micro_config.h:22,
                 from ../E2PROM.h:11,
                 from ../CONTROL.c:7:
c:/winavr-20100110/lib/gcc/../../avr/include/util/delay.h:90:3: warning: #warning "Compiler optimizations disabled; functions from <util/delay.h> won't work as designed"
Finished building: ../CONTROL.c
 
Building target: Control_MC2.elf
Invoking: AVR C Linker
avr-gcc -Wl,-Map,Control_MC2.map -mmcu=atmega32 -o "Control_MC2.elf"  ./CONTROL.o ./E2PROM.o ./I2C.o ./Timer1.o ./UART.o   
Finished building target: Control_MC2.elf
 
Invoking: AVR Create Extended Listing
avr-objdump -h -S Control_MC2.elf  >"Control_MC2.lss"
Finished building: Control_MC2.lss
 
Invoking: Print Size
avr-size --format=avr --mcu=atmega32 Control_MC2.elf
AVR Memory Usage
----------------
Device: atmega32

Program:    8592 bytes (26.2% Full)
(.text + .data + .bootloader)

Data:        274 bytes (13.4% Full)
(.data + .bss + .noinit)


Finished building: sizedummy
 
14:29:08 **** Incremental Build of configuration Debug for project HMI_MC1 ****
make all 
Invoking: Print Size
avr-size --format=avr --mcu=atmega32 HMI_MC1.elf
AVR Memory Usage
----------------
Device: atmega32

Program:   19994 bytes (61.0% Full)
(.text + .data + .bootloader)

Data:        454 bytes (22.2% Full)
(.data + .bss + .noinit)


Finished building: sizedummy
 
19:51:24 **** Incremental Build of configuration Debug for project Control_MC2 ****
make all 
Building file: ../CONTROL.c
Invoking: AVR Compiler
avr-gcc -Wall -g2 -gstabs -O0 -fpack-struct -fshort-enums -ffunction-sections -fdata-sections -std=gnu99 -funsigned-char -funsigned-bitfields -mmcu=atmega32 -DF_CPU=8000000UL -MMD -MP -MF"CONTROL.d" -MT"CONTROL.o" -c -o "CONTROL.o" "../CONTROL.c"
In file included from ../micro_config.h:22,
                 from ../E2PROM.h:11,
                 from ../CONTROL.c:7:
c:/winavr-20100110/lib/gcc/../../avr/include/util/delay.h:90:3: warning: #warning "Compiler optimizations disabled; functions from <util/delay.h> won't work as designed"
Finished building: ../CONTROL.c
 
Building target: Control_MC2.elf
Invoking: AVR C Linker
avr-gcc -Wl,-Map,Control_MC2.map -mmcu=atmega32 -o "Control_MC2.elf"  ./CONTROL.o ./E2PROM.o ./I2C.o ./Timer1.o ./UART.o   
Finished building target: Control_MC2.elf
 
Invoking: AVR Create Extended Listing
avr-objdump -h -S Control_MC2.elf  >"Control_MC2.lss"
Finished building: Control_MC2.lss
 
Invoking: Print Size
avr-size --format=avr --mcu=atmega32 Control_MC2.elf
AVR Memory Usage
----------------
Device: atmega32

Program:    8592 bytes (26.2% Full)
(.text + .data + .bootloader)

Data:        274 bytes (13.4% Full)
(.data + .bss + .noinit)


Finished building: sizedummy
 
19:51:26 **** Incremental Build of configuration Debug for project HMI_MC1 ****
make all 
Invoking: Print Size
avr-size --format=avr --mcu=atmega32 HMI_MC1.elf
AVR Memory Usage
----------------
Device: atmega32

Program:   19994 bytes (61.0% Full)
(.text + .data + .bootloader)

Data:        454 bytes (22.2% Full)
(.data + .bss + .noinit)


Finished building: sizedummy
 
19:51:31 **** Incremental Build of configuration Debug for project Control_MC2 ****
make all 
Building file: ../CONTROL.c
Invoking: AVR Compiler
avr-gcc -Wall -g2 -gstabs -O0 -fpack-struct -fshort-enums -ffunction-sections -fdata-sections -std=gnu99 -funsigned-char -funsigned-bitfields -mmcu=atmega32 -DF_CPU=8000000UL -MMD -MP -MF"CONTROL.d" -MT"CONTROL.o" -c -o "CONTROL.o" "../CONTROL.c"
In file included from ../micro_config.h:22,
                 from ../E2PROM.h:11,
                 from ../CONTROL.c:7:
c:/winavr-20100110/lib/gcc/../../avr/include/util/delay.h:90:3: warning: #warning "Compiler optimizations disabled; functions from <util/delay.h> won't work as designed"
Finished building: ../CONTROL.c
 
Building target: Control_MC2.elf
Invoking: AVR C Linker
avr-gcc -Wl,-Map,Control_MC2.map -mmcu=atmega32 -o "Control_MC2.elf"  ./CONTROL.o ./E2PROM.o ./I2C.o ./Timer1.o ./UART.o   
Finished building target: Control_MC2.elf
 
Invoking: AVR Create Extended Listing
avr-objdump -h -S Control_MC2.elf  >"Control_MC2.lss"
Finished building: Control_MC2.lss
 
Invoking: Print Size
avr-size --format=avr --mcu=atmega32 Control_MC2.elf
AVR Memory Usage
----------------
Device: atmega32

Program:    8592 bytes (26.2% Full)
(.text + .data + .bootloader)

Data:        274 bytes (13.4% Full)
(.data + .bss + .noinit)


Finished building: sizedummy
 
19:51:33 **** Incremental Build of configuration Debug for project HMI_MC1 ****
make all 
Invoking: Print Size
avr-size --format=avr --mcu=atmega32 HMI_MC1.elf
AVR Memory Usage
----------------
Device: atmega32

Program:   19994 bytes (61.0% Full)
(.text + .data + .bootloader)

Data:        454 bytes (22.2% Full)
(.data + .bss + .noinit)


Finished building: sizedummy
 
19:51:43 **** Incremental Build of configuration Debug for project Control_MC2 ****
make all 
Invoking: Print Size
avr-size --format=avr --mcu=atmega32 Control_MC2.elf
AVR Memory Usage
----------------
Device: atmega32

Program:    8592 bytes (26.2% Full)
(.text + .data + .bootloader)

Data:        274 bytes (13.4% Full)
(.data + .bss + .noinit)


Finished building: sizedummy
 
19:51:43 **** Incremental Build of configuration Debug for project HMI_MC1 ****
make all 
Building file: ../main.c
Invoking: AVR Compiler
avr-gcc -Wall -g2 -gstabs -O0 -fpack-struct -fshort-enums -ffunction-sections -fdata-sections -std=gnu99 -funsigned-char -funsigned-bitfields -mmcu=atmega32 -DF_CPU=8000000UL -MMD -MP -MF"main.d" -MT"main.o" -c -o "main.o" "../main.c"
In file included from ../Micro_Config.h:19,
                 from ../LCD.h:11,
                 from ../main.c:8:
c:/winavr-20100110/lib/gcc/../../avr/include/util/delay.h:90:3: warning: #warning "Compiler optimizations disabled; functions from <util/delay.h> won't work as designed"
Finished building: ../main.c
 
Building target: HMI_MC1.elf
Invoking: AVR C Linker
avr-gcc -Wl,-Map,HMI_MC1.map -mmcu=atmega32 -o "HMI_MC1.elf"  ./LCD.o ./Timer1.o ./UART.o ./keypad.o ./main.o   
Finished building target: HMI_MC1.elf
 
Invoking: AVR Create Extended Listing
avr-objdump -h -S HMI_MC1.elf  >"HMI_MC1.lss"
Finished building: HMI_MC1.lss
 
Invoking: Print Size
avr-size --format=avr --mcu=atmega32 HMI_MC1.elf
AVR Memory Usage
----------------
Device: atmega32

Program:   19994 bytes (61.0% Full)
(.text + .data + .bootloader)

Data:        454 bytes (22.2% Full)
(.data + .bss + .noinit)


Finished building: sizedummy
 
20:12:54 **** Incremental Build of configuration Debug for project Control_MC2 ****
make all 
Building file: ../CONTROL.c
Invoking: AVR Compiler
avr-gcc -Wall -g2 -gstabs -O0 -fpack-struct -fshort-enums -ffunction-sections -fdata-sections -std=gnu99 -funsigned-char -funsigned-bitfields -mmcu=atmega32 -DF_CPU=8000000UL -MMD -MP -MF"CONTROL.d" -MT"CONTROL.o" -c -o "CONTROL.o" "../CONTROL.c"
In file included from ../micro_config.h:22,
                 from ../E2PROM.h:11,
                 from ../CONTROL.c:7:
c:/winavr-20100110/lib/gcc/../../avr/include/util/delay.h:90:3: warning: #warning "Compiler optimizations disabled; functions from <util/delay.h> won't work as designed"
../CONTROL.c:11:1: warning: "F_CPU" redefined
<command-line>: warning: this is the location of the previous definition
Finished building: ../CONTROL.c
 
Building target: Control_MC2.elf
Invoking: AVR C Linker
avr-gcc -Wl,-Map,Control_MC2.map -mmcu=atmega32 -o "Control_MC2.elf"  ./CONTROL.o ./E2PROM.o ./I2C.o ./Timer1.o ./UART.o   
Finished building target: Control_MC2.elf
 
Invoking: AVR Create Extended Listing
avr-objdump -h -S Control_MC2.elf  >"Control_MC2.lss"
Finished building: Control_MC2.lss
 
Invoking: Print Size
avr-size --format=avr --mcu=atmega32 Control_MC2.elf
AVR Memory Usage
----------------
Device: atmega32

Program:    8592 bytes (26.2% Full)
(.text + .data + .bootloader)

Data:        274 bytes (13.4% Full)
(.data + .bss + .noinit)


Finished building: sizedummy
 
20:12:56 **** Incremental Build of configuration Debug for project HMI_MC1 ****
make all 
Invoking: Print Size
avr-size --format=avr --mcu=atmega32 HMI_MC1.elf
AVR Memory Usage
----------------
Device: atmega32

Program:   19994 bytes (61.0% Full)
(.text + .data + .bootloader)

Data:        454 bytes (22.2% Full)
(.data + .bss + .noinit)


Finished building: sizedummy
 
22:18:20 **** Incremental Build of configuration Debug for project Control_MC2 ****
make all 
Building file: ../CONTROL.c
Invoking: AVR Compiler
avr-gcc -Wall -g2 -gstabs -O0 -fpack-struct -fshort-enums -ffunction-sections -fdata-sections -std=gnu99 -funsigned-char -funsigned-bitfields -mmcu=atmega32 -DF_CPU=8000000UL -MMD -MP -MF"CONTROL.d" -MT"CONTROL.o" -c -o "CONTROL.o" "../CONTROL.c"
In file included from ../micro_config.h:22,
                 from ../E2PROM.h:11,
                 from ../CONTROL.c:7:
c:/winavr-20100110/lib/gcc/../../avr/include/util/delay.h:90:3: warning: #warning "Compiler optimizations disabled; functions from <util/delay.h> won't work as designed"
Finished building: ../CONTROL.c
 
Building file: ../keypad.c
Invoking: AVR Compiler
avr-gcc -Wall -g2 -gstabs -O0 -fpack-struct -fshort-enums -ffunction-sections -fdata-sections -std=gnu99 -funsigned-char -funsigned-bitfields -mmcu=atmega32 -DF_CPU=8000000UL -MMD -MP -MF"keypad.d" -MT"keypad.o" -c -o "keypad.o" "../keypad.c"
In file included from ../micro_config.h:22,
                 from ../keypad.h:17,
                 from ../keypad.c:8:
c:/winavr-20100110/lib/gcc/../../avr/include/util/delay.h:90:3: warning: #warning "Compiler optimizations disabled; functions from <util/delay.h> won't work as designed"
../keypad.c: In function 'KEYPAD_pressedKey':
../keypad.c:22: error: 'N_COL' undeclared (first use in this function)
../keypad.c:22: error: (Each undeclared identifier is reported only once
../keypad.c:22: error: for each function it appears in.)
../keypad.c:23: error: 'KEYPAD_DDR' undeclared (first use in this function)
../keypad.c:24: error: 'KEYPAD_PORT' undeclared (first use in this function)
../keypad.c:25: error: 'N_ROW' undeclared (first use in this function)
../keypad.c:26: error: 'KEYPAD_PIN' undeclared (first use in this function)
../keypad.c:27: error: expected ')' before ';' token
../keypad.c:33: error: expected expression before '}' token
make: *** [keypad.o] Error 1
22:18:23 **** Incremental Build of configuration Debug for project HMI_MC1 ****
make all 
Building file: ../HMI.c
Invoking: AVR Compiler
avr-gcc -Wall -g2 -gstabs -O0 -fpack-struct -fshort-enums -ffunction-sections -fdata-sections -std=gnu99 -funsigned-char -funsigned-bitfields -mmcu=atmega32 -DF_CPU=8000000UL -MMD -MP -MF"HMI.d" -MT"HMI.o" -c -o "HMI.o" "../HMI.c"
In file included from ../Micro_Config.h:19,
                 from ../LCD.h:11,
                 from ../HMI.c:8:
c:/winavr-20100110/lib/gcc/../../avr/include/util/delay.h:90:3: warning: #warning "Compiler optimizations disabled; functions from <util/delay.h> won't work as designed"
Finished building: ../HMI.c
 
Building file: ../keypad.c
Invoking: AVR Compiler
avr-gcc -Wall -g2 -gstabs -O0 -fpack-struct -fshort-enums -ffunction-sections -fdata-sections -std=gnu99 -funsigned-char -funsigned-bitfields -mmcu=atmega32 -DF_CPU=8000000UL -MMD -MP -MF"keypad.d" -MT"keypad.o" -c -o "keypad.o" "../keypad.c"
In file included from ../micro_config.h:19,
                 from ../keypad.h:17,
                 from ../keypad.c:13:
c:/winavr-20100110/lib/gcc/../../avr/include/util/delay.h:90:3: warning: #warning "Compiler optimizations disabled; functions from <util/delay.h> won't work as designed"
Finished building: ../keypad.c
 
Building target: HMI_MC1.elf
Invoking: AVR C Linker
avr-gcc -Wl,-Map,HMI_MC1.map -mmcu=atmega32 -o "HMI_MC1.elf"  ./HMI.o ./LCD.o ./Timer1.o ./UART.o ./keypad.o   
Finished building target: HMI_MC1.elf
 
Invoking: AVR Create Extended Listing
avr-objdump -h -S HMI_MC1.elf  >"HMI_MC1.lss"
Finished building: HMI_MC1.lss
 
Invoking: Print Size
avr-size --format=avr --mcu=atmega32 HMI_MC1.elf
AVR Memory Usage
----------------
Device: atmega32

Program:   19994 bytes (61.0% Full)
(.text + .data + .bootloader)

Data:        454 bytes (22.2% Full)
(.data + .bss + .noinit)


Finished building: sizedummy
 
22:19:37 **** Incremental Build of configuration Debug for project Control_MC2 ****
make all 
Building file: ../keypad.c
Invoking: AVR Compiler
avr-gcc -Wall -g2 -gstabs -O0 -fpack-struct -fshort-enums -ffunction-sections -fdata-sections -std=gnu99 -funsigned-char -funsigned-bitfields -mmcu=atmega32 -DF_CPU=8000000UL -MMD -MP -MF"keypad.d" -MT"keypad.o" -c -o "keypad.o" "../keypad.c"
In file included from ../micro_config.h:22,
                 from ../keypad.h:11,
                 from ../keypad.c:8:
c:/winavr-20100110/lib/gcc/../../avr/include/util/delay.h:90:3: warning: #warning "Compiler optimizations disabled; functions from <util/delay.h> won't work as designed"
../keypad.c: In function 'KEYPAD_pressedKey':
../keypad.c:27: error: expected ')' before ';' token
../keypad.c:33: error: expected expression before '}' token
make: *** [keypad.o] Error 1
22:19:37 **** Incremental Build of configuration Debug for project HMI_MC1 ****
make all 
Invoking: Print Size
avr-size --format=avr --mcu=atmega32 HMI_MC1.elf
AVR Memory Usage
----------------
Device: atmega32

Program:   19994 bytes (61.0% Full)
(.text + .data + .bootloader)

Data:        454 bytes (22.2% Full)
(.data + .bss + .noinit)


Finished building: sizedummy
 
22:20:41 **** Incremental Build of configuration Debug for project Control_MC2 ****
make all 
Building file: ../keypad.c
Invoking: AVR Compiler
avr-gcc -Wall -g2 -gstabs -O0 -fpack-struct -fshort-enums -ffunction-sections -fdata-sections -std=gnu99 -funsigned-char -funsigned-bitfields -mmcu=atmega32 -DF_CPU=8000000UL -MMD -MP -MF"keypad.d" -MT"keypad.o" -c -o "keypad.o" "../keypad.c"
In file included from ../micro_config.h:22,
                 from ../keypad.h:11,
                 from ../keypad.c:8:
c:/winavr-20100110/lib/gcc/../../avr/include/util/delay.h:90:3: warning: #warning "Compiler optimizations disabled; functions from <util/delay.h> won't work as designed"
Finished building: ../keypad.c
 
Building target: Control_MC2.elf
Invoking: AVR C Linker
avr-gcc -Wl,-Map,Control_MC2.map -mmcu=atmega32 -o "Control_MC2.elf"  ./CONTROL.o ./E2PROM.o ./I2C.o ./Timer1.o ./UART.o ./keypad.o   
Finished building target: Control_MC2.elf
 
Invoking: AVR Create Extended Listing
avr-objdump -h -S Control_MC2.elf  >"Control_MC2.lss"
Finished building: Control_MC2.lss
 
Invoking: Print Size
avr-size --format=avr --mcu=atmega32 Control_MC2.elf
AVR Memory Usage
----------------
Device: atmega32

Program:    9086 bytes (27.7% Full)
(.text + .data + .bootloader)

Data:        274 bytes (13.4% Full)
(.data + .bss + .noinit)


Finished building: sizedummy
 
22:20:42 **** Incremental Build of configuration Debug for project HMI_MC1 ****
make all 
Invoking: Print Size
avr-size --format=avr --mcu=atmega32 HMI_MC1.elf
AVR Memory Usage
----------------
Device: atmega32

Program:   19994 bytes (61.0% Full)
(.text + .data + .bootloader)

Data:        454 bytes (22.2% Full)
(.data + .bss + .noinit)


Finished building: sizedummy
 
14:16:28 **** Incremental Build of configuration Debug for project Control_MC2 ****
make all 
Building file: ../CONTROL.c
Invoking: AVR Compiler
avr-gcc -Wall -g2 -gstabs -O0 -fpack-struct -fshort-enums -ffunction-sections -fdata-sections -std=gnu99 -funsigned-char -funsigned-bitfields -mmcu=atmega32 -DF_CPU=8000000UL -MMD -MP -MF"CONTROL.d" -MT"CONTROL.o" -c -o "CONTROL.o" "../CONTROL.c"
In file included from ../micro_config.h:22,
                 from ../E2PROM.h:11,
                 from ../CONTROL.c:7:
c:/winavr-20100110/lib/gcc/../../avr/include/util/delay.h:90:3: warning: #warning "Compiler optimizations disabled; functions from <util/delay.h> won't work as designed"
Finished building: ../CONTROL.c
 
Building target: Control_MC2.elf
Invoking: AVR C Linker
avr-gcc -Wl,-Map,Control_MC2.map -mmcu=atmega32 -o "Control_MC2.elf"  ./CONTROL.o ./E2PROM.o ./I2C.o ./Timer1.o ./UART.o   
Finished building target: Control_MC2.elf
 
Invoking: AVR Create Extended Listing
avr-objdump -h -S Control_MC2.elf  >"Control_MC2.lss"
Finished building: Control_MC2.lss
 
Invoking: Print Size
avr-size --format=avr --mcu=atmega32 Control_MC2.elf
AVR Memory Usage
----------------
Device: atmega32

Program:    8592 bytes (26.2% Full)
(.text + .data + .bootloader)

Data:        274 bytes (13.4% Full)
(.data + .bss + .noinit)


Finished building: sizedummy
 
14:16:32 **** Incremental Build of configuration Debug for project HMI_MC1 ****
make all 
Building file: ../HMI.c
Invoking: AVR Compiler
avr-gcc -Wall -g2 -gstabs -O0 -fpack-struct -fshort-enums -ffunction-sections -fdata-sections -std=gnu99 -funsigned-char -funsigned-bitfields -mmcu=atmega32 -DF_CPU=8000000UL -MMD -MP -MF"HMI.d" -MT"HMI.o" -c -o "HMI.o" "../HMI.c"
In file included from ../Micro_Config.h:19,
                 from ../LCD.h:11,
                 from ../HMI.c:8:
c:/winavr-20100110/lib/gcc/../../avr/include/util/delay.h:90:3: warning: #warning "Compiler optimizations disabled; functions from <util/delay.h> won't work as designed"
Finished building: ../HMI.c
 
Building file: ../LCD.c
Invoking: AVR Compiler
avr-gcc -Wall -g2 -gstabs -O0 -fpack-struct -fshort-enums -ffunction-sections -fdata-sections -std=gnu99 -funsigned-char -funsigned-bitfields -mmcu=atmega32 -DF_CPU=8000000UL -MMD -MP -MF"LCD.d" -MT"LCD.o" -c -o "LCD.o" "../LCD.c"
In file included from ../Micro_Config.h:19,
                 from ../LCD.h:11,
                 from ../LCD.c:7:
c:/winavr-20100110/lib/gcc/../../avr/include/util/delay.h:90:3: warning: #warning "Compiler optimizations disabled; functions from <util/delay.h> won't work as designed"
Finished building: ../LCD.c
 
Building file: ../Timer1.c
Invoking: AVR Compiler
avr-gcc -Wall -g2 -gstabs -O0 -fpack-struct -fshort-enums -ffunction-sections -fdata-sections -std=gnu99 -funsigned-char -funsigned-bitfields -mmcu=atmega32 -DF_CPU=8000000UL -MMD -MP -MF"Timer1.d" -MT"Timer1.o" -c -o "Timer1.o" "../Timer1.c"
In file included from ../micro_config.h:19,
                 from ../Timer1.h:12,
                 from ../Timer1.c:7:
c:/winavr-20100110/lib/gcc/../../avr/include/util/delay.h:90:3: warning: #warning "Compiler optimizations disabled; functions from <util/delay.h> won't work as designed"
Finished building: ../Timer1.c
 
Building file: ../UART.c
Invoking: AVR Compiler
avr-gcc -Wall -g2 -gstabs -O0 -fpack-struct -fshort-enums -ffunction-sections -fdata-sections -std=gnu99 -funsigned-char -funsigned-bitfields -mmcu=atmega32 -DF_CPU=8000000UL -MMD -MP -MF"UART.d" -MT"UART.o" -c -o "UART.o" "../UART.c"
In file included from ../micro_config.h:19,
                 from ../UART.h:11,
                 from ../UART.c:7:
c:/winavr-20100110/lib/gcc/../../avr/include/util/delay.h:90:3: warning: #warning "Compiler optimizations disabled; functions from <util/delay.h> won't work as designed"
Finished building: ../UART.c
 
Building file: ../keypad.c
Invoking: AVR Compiler
avr-gcc -Wall -g2 -gstabs -O0 -fpack-struct -fshort-enums -ffunction-sections -fdata-sections -std=gnu99 -funsigned-char -funsigned-bitfields -mmcu=atmega32 -DF_CPU=8000000UL -MMD -MP -MF"keypad.d" -MT"keypad.o" -c -o "keypad.o" "../keypad.c"
In file included from ../micro_config.h:19,
                 from ../keypad.h:17,
                 from ../keypad.c:13:
c:/winavr-20100110/lib/gcc/../../avr/include/util/delay.h:90:3: warning: #warning "Compiler optimizations disabled; functions from <util/delay.h> won't work as designed"
Finished building: ../keypad.c
 
Building target: HMI_MC1.elf
Invoking: AVR C Linker
avr-gcc -Wl,-Map,HMI_MC1.map -mmcu=atmega32 -o "HMI_MC1.elf"  ./HMI.o ./LCD.o ./Timer1.o ./UART.o ./keypad.o   
Finished building target: HMI_MC1.elf
 
Invoking: AVR Create Extended Listing
avr-objdump -h -S HMI_MC1.elf  >"HMI_MC1.lss"
Finished building: HMI_MC1.lss
 
Invoking: Print Size
avr-size --format=avr --mcu=atmega32 HMI_MC1.elf
AVR Memory Usage
----------------
Device: atmega32

Program:   19994 bytes (61.0% Full)
(.text + .data + .bootloader)

Data:        454 bytes (22.2% Full)
(.data + .bss + .noinit)


Finished building: sizedummy
 
14:37:06 **** Incremental Build of configuration Debug for project Control_MC2 ****
make all 
Building file: ../CONTROL.c
Invoking: AVR Compiler
avr-gcc -Wall -g2 -gstabs -O0 -fpack-struct -fshort-enums -ffunction-sections -fdata-sections -std=gnu99 -funsigned-char -funsigned-bitfields -mmcu=atmega32 -DF_CPU=8000000UL -MMD -MP -MF"CONTROL.d" -MT"CONTROL.o" -c -o "CONTROL.o" "../CONTROL.c"
In file included from ../micro_config.h:22,
                 from ../E2PROM.h:11,
                 from ../CONTROL.c:7:
c:/winavr-20100110/lib/gcc/../../avr/include/util/delay.h:90:3: warning: #warning "Compiler optimizations disabled; functions from <util/delay.h> won't work as designed"
Finished building: ../CONTROL.c
 
Building target: Control_MC2.elf
Invoking: AVR C Linker
avr-gcc -Wl,-Map,Control_MC2.map -mmcu=atmega32 -o "Control_MC2.elf"  ./CONTROL.o ./E2PROM.o ./I2C.o ./Timer1.o ./UART.o   
Finished building target: Control_MC2.elf
 
Invoking: AVR Create Extended Listing
avr-objdump -h -S Control_MC2.elf  >"Control_MC2.lss"
Finished building: Control_MC2.lss
 
Invoking: Print Size
avr-size --format=avr --mcu=atmega32 Control_MC2.elf
AVR Memory Usage
----------------
Device: atmega32

Program:    8592 bytes (26.2% Full)
(.text + .data + .bootloader)

Data:        274 bytes (13.4% Full)
(.data + .bss + .noinit)


Finished building: sizedummy
 
14:37:08 **** Incremental Build of configuration Debug for project HMI_MC1 ****
make all 
Invoking: Print Size
avr-size --format=avr --mcu=atmega32 HMI_MC1.elf
AVR Memory Usage
----------------
Device: atmega32

Program:   19994 bytes (61.0% Full)
(.text + .data + .bootloader)

Data:        454 bytes (22.2% Full)
(.data + .bss + .noinit)


Finished building: sizedummy
 
14:43:10 **** Incremental Build of configuration Debug for project Control_MC2 ****
make all 
Invoking: Print Size
avr-size --format=avr --mcu=atmega32 Control_MC2.elf
AVR Memory Usage
----------------
Device: atmega32

Program:    8592 bytes (26.2% Full)
(.text + .data + .bootloader)

Data:        274 bytes (13.4% Full)
(.data + .bss + .noinit)


Finished building: sizedummy
 
14:43:11 **** Incremental Build of configuration Debug for project HMI_MC1 ****
make all 
Building file: ../HMI.c
Invoking: AVR Compiler
avr-gcc -Wall -g2 -gstabs -O0 -fpack-struct -fshort-enums -ffunction-sections -fdata-sections -std=gnu99 -funsigned-char -funsigned-bitfields -mmcu=atmega32 -DF_CPU=8000000UL -MMD -MP -MF"HMI.d" -MT"HMI.o" -c -o "HMI.o" "../HMI.c"
In file included from ../micro_config.h:19,
                 from ../UART.h:11,
                 from ../HMI.c:8:
c:/winavr-20100110/lib/gcc/../../avr/include/util/delay.h:90:3: warning: #warning "Compiler optimizations disabled; functions from <util/delay.h> won't work as designed"
Finished building: ../HMI.c
 
Building file: ../LCD2.c
Invoking: AVR Compiler
avr-gcc -Wall -g2 -gstabs -O0 -fpack-struct -fshort-enums -ffunction-sections -fdata-sections -std=gnu99 -funsigned-char -funsigned-bitfields -mmcu=atmega32 -DF_CPU=8000000UL -MMD -MP -MF"LCD2.d" -MT"LCD2.o" -c -o "LCD2.o" "../LCD2.c"
In file included from ../Micro_Config.h:19,
                 from ../LCD3.h:11,
                 from ../LCD2.c:7:
c:/winavr-20100110/lib/gcc/../../avr/include/util/delay.h:90:3: warning: #warning "Compiler optimizations disabled; functions from <util/delay.h> won't work as designed"
Finished building: ../LCD2.c
 
Building file: ../lcd.c
Invoking: AVR Compiler
avr-gcc -Wall -g2 -gstabs -O0 -fpack-struct -fshort-enums -ffunction-sections -fdata-sections -std=gnu99 -funsigned-char -funsigned-bitfields -mmcu=atmega32 -DF_CPU=8000000UL -MMD -MP -MF"lcd.d" -MT"lcd.o" -c -o "lcd.o" "../lcd.c"
In file included from ../micro_config.h:19,
                 from ../lcd.h:14,
                 from ../lcd.c:8:
c:/winavr-20100110/lib/gcc/../../avr/include/util/delay.h:90:3: warning: #warning "Compiler optimizations disabled; functions from <util/delay.h> won't work as designed"
../lcd.c: In function 'LCD_VidInit':
../lcd.c:12: error: 'LCD_DATA_PORT_DIR' undeclared (first use in this function)
../lcd.c:12: error: (Each undeclared identifier is reported only once
../lcd.c:12: error: for each function it appears in.)
../lcd.c:13: error: 'LCD_CTRL_PORT_DIR' undeclared (first use in this function)
../lcd.c:13: error: 'BIT1' undeclared (first use in this function)
../lcd.c:13: error: 'BIT2' undeclared (first use in this function)
../lcd.c:13: error: 'BIT3' undeclared (first use in this function)
../lcd.c:15: error: 'TWO_LINE_LCD_Eight_BIT_MODE' undeclared (first use in this function)
../lcd.c:16: error: 'CURSOR_OFF' undeclared (first use in this function)
../lcd.c: In function 'LCD_VidWriteCommand':
../lcd.c:21: error: 'LCD_CTRL_PORT' undeclared (first use in this function)
../lcd.c:21: error: 'BIT1' undeclared (first use in this function)
../lcd.c:22: error: 'BIT2' undeclared (first use in this function)
../lcd.c:24: error: 'BIT3' undeclared (first use in this function)
../lcd.c: In function 'LCD_VidWriteData':
../lcd.c:33: error: 'LCD_CTRL_PORT' undeclared (first use in this function)
../lcd.c:33: error: 'BIT1' undeclared (first use in this function)
../lcd.c:34: error: 'BIT2' undeclared (first use in this function)
../lcd.c:36: error: 'BIT3' undeclared (first use in this function)
../lcd.c: In function 'LCD_clearScreen':
../lcd.c:46: error: 'CLEAR_COMMAND' undeclared (first use in this function)
../lcd.c: In function 'LCD_VidSetRowColumn':
../lcd.c:77: error: 'SET_CURSOR_LOCATION' undeclared (first use in this function)
make: *** [lcd.o] Error 1
14:43:51 **** Incremental Build of configuration Debug for project Control_MC2 ****
make all 
Invoking: Print Size
avr-size --format=avr --mcu=atmega32 Control_MC2.elf
AVR Memory Usage
----------------
Device: atmega32

Program:    8592 bytes (26.2% Full)
(.text + .data + .bootloader)

Data:        274 bytes (13.4% Full)
(.data + .bss + .noinit)


Finished building: sizedummy
 
14:43:52 **** Incremental Build of configuration Debug for project HMI_MC1 ****
make all 
Building file: ../HMI.c
Invoking: AVR Compiler
avr-gcc -Wall -g2 -gstabs -O0 -fpack-struct -fshort-enums -ffunction-sections -fdata-sections -std=gnu99 -funsigned-char -funsigned-bitfields -mmcu=atmega32 -DF_CPU=8000000UL -MMD -MP -MF"HMI.d" -MT"HMI.o" -c -o "HMI.o" "../HMI.c"
In file included from ../micro_config.h:19,
                 from ../UART.h:11,
                 from ../HMI.c:8:
c:/winavr-20100110/lib/gcc/../../avr/include/util/delay.h:90:3: warning: #warning "Compiler optimizations disabled; functions from <util/delay.h> won't work as designed"
Finished building: ../HMI.c
 
Building file: ../lcd.c
Invoking: AVR Compiler
avr-gcc -Wall -g2 -gstabs -O0 -fpack-struct -fshort-enums -ffunction-sections -fdata-sections -std=gnu99 -funsigned-char -funsigned-bitfields -mmcu=atmega32 -DF_CPU=8000000UL -MMD -MP -MF"lcd.d" -MT"lcd.o" -c -o "lcd.o" "../lcd.c"
In file included from ../micro_config.h:19,
                 from ../lcd.h:14,
                 from ../lcd.c:8:
c:/winavr-20100110/lib/gcc/../../avr/include/util/delay.h:90:3: warning: #warning "Compiler optimizations disabled; functions from <util/delay.h> won't work as designed"
../lcd.c: In function 'LCD_VidInit':
../lcd.c:12: error: 'LCD_DATA_PORT_DIR' undeclared (first use in this function)
../lcd.c:12: error: (Each undeclared identifier is reported only once
../lcd.c:12: error: for each function it appears in.)
../lcd.c:13: error: 'LCD_CTRL_PORT_DIR' undeclared (first use in this function)
../lcd.c:13: error: 'BIT1' undeclared (first use in this function)
../lcd.c:13: error: 'BIT2' undeclared (first use in this function)
../lcd.c:13: error: 'BIT3' undeclared (first use in this function)
../lcd.c:15: error: 'TWO_LINE_LCD_Eight_BIT_MODE' undeclared (first use in this function)
../lcd.c:16: error: 'CURSOR_OFF' undeclared (first use in this function)
../lcd.c: In function 'LCD_VidWriteCommand':
../lcd.c:21: error: 'LCD_CTRL_PORT' undeclared (first use in this function)
../lcd.c:21: error: 'BIT1' undeclared (first use in this function)
../lcd.c:22: error: 'BIT2' undeclared (first use in this function)
../lcd.c:24: error: 'BIT3' undeclared (first use in this function)
../lcd.c: In function 'LCD_VidWriteData':
../lcd.c:33: error: 'LCD_CTRL_PORT' undeclared (first use in this function)
../lcd.c:33: error: 'BIT1' undeclared (first use in this function)
../lcd.c:34: error: 'BIT2' undeclared (first use in this function)
../lcd.c:36: error: 'BIT3' undeclared (first use in this function)
../lcd.c: In function 'LCD_clearScreen':
../lcd.c:46: error: 'CLEAR_COMMAND' undeclared (first use in this function)
../lcd.c: In function 'LCD_VidSetRowColumn':
../lcd.c:77: error: 'SET_CURSOR_LOCATION' undeclared (first use in this function)
make: *** [lcd.o] Error 1
14:46:10 **** Incremental Build of configuration Debug for project Control_MC2 ****
make all 
Invoking: Print Size
avr-size --format=avr --mcu=atmega32 Control_MC2.elf
AVR Memory Usage
----------------
Device: atmega32

Program:    8592 bytes (26.2% Full)
(.text + .data + .bootloader)

Data:        274 bytes (13.4% Full)
(.data + .bss + .noinit)


Finished building: sizedummy
 
14:46:10 **** Incremental Build of configuration Debug for project HMI_MC1 ****
make all 
Building file: ../HMI.c
Invoking: AVR Compiler
avr-gcc -Wall -g2 -gstabs -O0 -fpack-struct -fshort-enums -ffunction-sections -fdata-sections -std=gnu99 -funsigned-char -funsigned-bitfields -mmcu=atmega32 -DF_CPU=8000000UL -MMD -MP -MF"HMI.d" -MT"HMI.o" -c -o "HMI.o" "../HMI.c"
In file included from ../micro_config.h:19,
                 from ../UART.h:11,
                 from ../HMI.c:8:
c:/winavr-20100110/lib/gcc/../../avr/include/util/delay.h:90:3: warning: #warning "Compiler optimizations disabled; functions from <util/delay.h> won't work as designed"
Finished building: ../HMI.c
 
Building file: ../lcd.c
Invoking: AVR Compiler
avr-gcc -Wall -g2 -gstabs -O0 -fpack-struct -fshort-enums -ffunction-sections -fdata-sections -std=gnu99 -funsigned-char -funsigned-bitfields -mmcu=atmega32 -DF_CPU=8000000UL -MMD -MP -MF"lcd.d" -MT"lcd.o" -c -o "lcd.o" "../lcd.c"
In file included from ../micro_config.h:19,
                 from ../lcd.h:14,
                 from ../lcd.c:8:
c:/winavr-20100110/lib/gcc/../../avr/include/util/delay.h:90:3: warning: #warning "Compiler optimizations disabled; functions from <util/delay.h> won't work as designed"
../lcd.c: In function 'LCD_VidInit':
../lcd.c:12: error: 'LCD_DATA_PORT_DIR' undeclared (first use in this function)
../lcd.c:12: error: (Each undeclared identifier is reported only once
../lcd.c:12: error: for each function it appears in.)
../lcd.c:13: error: 'LCD_CTRL_PORT_DIR' undeclared (first use in this function)
../lcd.c:15: error: 'TWO_LINE_LCD_Eight_BIT_MODE' undeclared (first use in this function)
../lcd.c:16: error: 'CURSOR_OFF' undeclared (first use in this function)
../lcd.c: In function 'LCD_VidWriteCommand':
../lcd.c:21: error: 'LCD_CTRL_PORT' undeclared (first use in this function)
../lcd.c: In function 'LCD_VidWriteData':
../lcd.c:33: error: 'LCD_CTRL_PORT' undeclared (first use in this function)
../lcd.c: In function 'LCD_clearScreen':
../lcd.c:46: error: 'CLEAR_COMMAND' undeclared (first use in this function)
../lcd.c: In function 'LCD_VidSetRowColumn':
../lcd.c:77: error: 'SET_CURSOR_LOCATION' undeclared (first use in this function)
make: *** [lcd.o] Error 1
14:47:23 **** Incremental Build of configuration Debug for project Control_MC2 ****
make all 
Invoking: Print Size
avr-size --format=avr --mcu=atmega32 Control_MC2.elf
AVR Memory Usage
----------------
Device: atmega32

Program:    8592 bytes (26.2% Full)
(.text + .data + .bootloader)

Data:        274 bytes (13.4% Full)
(.data + .bss + .noinit)


Finished building: sizedummy
 
14:47:24 **** Incremental Build of configuration Debug for project HMI_MC1 ****
make all 
Building file: ../lcd.c
Invoking: AVR Compiler
avr-gcc -Wall -g2 -gstabs -O0 -fpack-struct -fshort-enums -ffunction-sections -fdata-sections -std=gnu99 -funsigned-char -funsigned-bitfields -mmcu=atmega32 -DF_CPU=8000000UL -MMD -MP -MF"lcd.d" -MT"lcd.o" -c -o "lcd.o" "../lcd.c"
In file included from ../micro_config.h:19,
                 from ../lcd.h:14,
                 from ../lcd.c:8:
c:/winavr-20100110/lib/gcc/../../avr/include/util/delay.h:90:3: warning: #warning "Compiler optimizations disabled; functions from <util/delay.h> won't work as designed"
../lcd.c: In function 'LCD_VidInit':
../lcd.c:12: error: 'LCD_DATA_PORT_DIR' undeclared (first use in this function)
../lcd.c:12: error: (Each undeclared identifier is reported only once
../lcd.c:12: error: for each function it appears in.)
../lcd.c:13: error: 'LCD_CTRL_PORT_DIR' undeclared (first use in this function)
../lcd.c:15: error: 'TWO_LINE_LCD_Eight_BIT_MODE' undeclared (first use in this function)
../lcd.c:16: error: 'CURSOR_OFF' undeclared (first use in this function)
../lcd.c: In function 'LCD_VidWriteCommand':
../lcd.c:21: error: 'LCD_CTRL_PORT' undeclared (first use in this function)
../lcd.c: In function 'LCD_VidWriteData':
../lcd.c:33: error: 'LCD_CTRL_PORT' undeclared (first use in this function)
../lcd.c: In function 'LCD_clearScreen':
../lcd.c:46: error: 'CLEAR_COMMAND' undeclared (first use in this function)
../lcd.c: In function 'LCD_VidSetRowColumn':
../lcd.c:77: error: 'SET_CURSOR_LOCATION' undeclared (first use in this function)
make: *** [lcd.o] Error 1
14:47:35 **** Incremental Build of configuration Debug for project Control_MC2 ****
make all 
Invoking: Print Size
avr-size --format=avr --mcu=atmega32 Control_MC2.elf
AVR Memory Usage
----------------
Device: atmega32

Program:    8592 bytes (26.2% Full)
(.text + .data + .bootloader)

Data:        274 bytes (13.4% Full)
(.data + .bss + .noinit)


Finished building: sizedummy
 
14:47:36 **** Incremental Build of configuration Debug for project HMI_MC1 ****
make all 
Building file: ../HMI.c
Invoking: AVR Compiler
avr-gcc -Wall -g2 -gstabs -O0 -fpack-struct -fshort-enums -ffunction-sections -fdata-sections -std=gnu99 -funsigned-char -funsigned-bitfields -mmcu=atmega32 -DF_CPU=8000000UL -MMD -MP -MF"HMI.d" -MT"HMI.o" -c -o "HMI.o" "../HMI.c"
In file included from ../micro_config.h:19,
                 from ../UART.h:11,
                 from ../HMI.c:8:
c:/winavr-20100110/lib/gcc/../../avr/include/util/delay.h:90:3: warning: #warning "Compiler optimizations disabled; functions from <util/delay.h> won't work as designed"
Finished building: ../HMI.c
 
Building file: ../lcd.c
Invoking: AVR Compiler
avr-gcc -Wall -g2 -gstabs -O0 -fpack-struct -fshort-enums -ffunction-sections -fdata-sections -std=gnu99 -funsigned-char -funsigned-bitfields -mmcu=atmega32 -DF_CPU=8000000UL -MMD -MP -MF"lcd.d" -MT"lcd.o" -c -o "lcd.o" "../lcd.c"
In file included from ../micro_config.h:19,
                 from ../lcd.h:14,
                 from ../lcd.c:8:
c:/winavr-20100110/lib/gcc/../../avr/include/util/delay.h:90:3: warning: #warning "Compiler optimizations disabled; functions from <util/delay.h> won't work as designed"
../lcd.c: In function 'LCD_VidInit':
../lcd.c:15: error: 'TWO_LINE_LCD_Eight_BIT_MODE' undeclared (first use in this function)
../lcd.c:15: error: (Each undeclared identifier is reported only once
../lcd.c:15: error: for each function it appears in.)
../lcd.c:16: error: 'CURSOR_OFF' undeclared (first use in this function)
../lcd.c: In function 'LCD_clearScreen':
../lcd.c:46: error: 'CLEAR_COMMAND' undeclared (first use in this function)
../lcd.c: In function 'LCD_VidSetRowColumn':
../lcd.c:77: error: 'SET_CURSOR_LOCATION' undeclared (first use in this function)
make: *** [lcd.o] Error 1
14:49:54 **** Incremental Build of configuration Debug for project Control_MC2 ****
make all 
Invoking: Print Size
avr-size --format=avr --mcu=atmega32 Control_MC2.elf
AVR Memory Usage
----------------
Device: atmega32

Program:    8592 bytes (26.2% Full)
(.text + .data + .bootloader)

Data:        274 bytes (13.4% Full)
(.data + .bss + .noinit)


Finished building: sizedummy
 
14:49:55 **** Incremental Build of configuration Debug for project HMI_MC1 ****
make all 
Building file: ../HMI.c
Invoking: AVR Compiler
avr-gcc -Wall -g2 -gstabs -O0 -fpack-struct -fshort-enums -ffunction-sections -fdata-sections -std=gnu99 -funsigned-char -funsigned-bitfields -mmcu=atmega32 -DF_CPU=8000000UL -MMD -MP -MF"HMI.d" -MT"HMI.o" -c -o "HMI.o" "../HMI.c"
In file included from ../micro_config.h:19,
                 from ../UART.h:11,
                 from ../HMI.c:8:
c:/winavr-20100110/lib/gcc/../../avr/include/util/delay.h:90:3: warning: #warning "Compiler optimizations disabled; functions from <util/delay.h> won't work as designed"
Finished building: ../HMI.c
 
Building file: ../lcd.c
Invoking: AVR Compiler
avr-gcc -Wall -g2 -gstabs -O0 -fpack-struct -fshort-enums -ffunction-sections -fdata-sections -std=gnu99 -funsigned-char -funsigned-bitfields -mmcu=atmega32 -DF_CPU=8000000UL -MMD -MP -MF"lcd.d" -MT"lcd.o" -c -o "lcd.o" "../lcd.c"
In file included from ../micro_config.h:19,
                 from ../lcd.h:14,
                 from ../lcd.c:8:
c:/winavr-20100110/lib/gcc/../../avr/include/util/delay.h:90:3: warning: #warning "Compiler optimizations disabled; functions from <util/delay.h> won't work as designed"
../lcd.c: In function 'LCD_VidInit':
../lcd.c:11: error: 'BIT1' undeclared (first use in this function)
../lcd.c:11: error: (Each undeclared identifier is reported only once
../lcd.c:11: error: for each function it appears in.)
../lcd.c:12: error: 'BIT2' undeclared (first use in this function)
../lcd.c:13: error: 'BIT3' undeclared (first use in this function)
../lcd.c:25: warning: implicit declaration of function 'LCD_sendCommand'
../lcd.c: In function 'LCD_VidWriteCommand':
../lcd.c:38: error: 'BIT1' undeclared (first use in this function)
../lcd.c:39: error: 'BIT2' undeclared (first use in this function)
../lcd.c:41: error: 'BIT3' undeclared (first use in this function)
../lcd.c: In function 'LCD_VidWriteData':
../lcd.c:77: error: 'LCD_CTRL_PORT' undeclared (first use in this function)
../lcd.c:77: error: 'BIT1' undeclared (first use in this function)
../lcd.c:78: error: 'BIT2' undeclared (first use in this function)
../lcd.c:80: error: 'BIT3' undeclared (first use in this function)
../lcd.c: In function 'LCD_clearScreen':
../lcd.c:90: error: 'CLEAR_COMMAND' undeclared (first use in this function)
../lcd.c: In function 'LCD_VidSetRowColumn':
../lcd.c:121: error: 'SET_CURSOR_LOCATION' undeclared (first use in this function)
make: *** [lcd.o] Error 1
14:59:31 **** Incremental Build of configuration Debug for project Control_MC2 ****
make all 
Invoking: Print Size
avr-size --format=avr --mcu=atmega32 Control_MC2.elf
AVR Memory Usage
----------------
Device: atmega32

Program:    8592 bytes (26.2% Full)
(.text + .data + .bootloader)

Data:        274 bytes (13.4% Full)
(.data + .bss + .noinit)


Finished building: sizedummy
 
14:59:32 **** Incremental Build of configuration Debug for project HMI_MC1 ****
make all 
Building file: ../HMI.c
Invoking: AVR Compiler
avr-gcc -Wall -g2 -gstabs -O0 -fpack-struct -fshort-enums -ffunction-sections -fdata-sections -std=gnu99 -funsigned-char -funsigned-bitfields -mmcu=atmega32 -DF_CPU=8000000UL -MMD -MP -MF"HMI.d" -MT"HMI.o" -c -o "HMI.o" "../HMI.c"
In file included from ../micro_config.h:19,
                 from ../UART.h:11,
                 from ../HMI.c:8:
c:/winavr-20100110/lib/gcc/../../avr/include/util/delay.h:90:3: warning: #warning "Compiler optimizations disabled; functions from <util/delay.h> won't work as designed"
Finished building: ../HMI.c
 
Building file: ../LCD.c
Invoking: AVR Compiler
avr-gcc -Wall -g2 -gstabs -O0 -fpack-struct -fshort-enums -ffunction-sections -fdata-sections -std=gnu99 -funsigned-char -funsigned-bitfields -mmcu=atmega32 -DF_CPU=8000000UL -MMD -MP -MF"LCD.d" -MT"LCD.o" -c -o "LCD.o" "../LCD.c"
In file included from ../Micro_Config.h:19,
                 from ../LCD.h:11,
                 from ../LCD.c:7:
c:/winavr-20100110/lib/gcc/../../avr/include/util/delay.h:90:3: warning: #warning "Compiler optimizations disabled; functions from <util/delay.h> won't work as designed"
Finished building: ../LCD.c
 
Building target: HMI_MC1.elf
Invoking: AVR C Linker
avr-gcc -Wl,-Map,HMI_MC1.map -mmcu=atmega32 -o "HMI_MC1.elf"  ./HMI.o ./LCD.o ./Timer1.o ./UART.o ./keypad.o   
Finished building target: HMI_MC1.elf
 
Invoking: AVR Create Extended Listing
avr-objdump -h -S HMI_MC1.elf  >"HMI_MC1.lss"
Finished building: HMI_MC1.lss
 
Invoking: Print Size
avr-size --format=avr --mcu=atmega32 HMI_MC1.elf
AVR Memory Usage
----------------
Device: atmega32

Program:   19994 bytes (61.0% Full)
(.text + .data + .bootloader)

Data:        454 bytes (22.2% Full)
(.data + .bss + .noinit)


Finished building: sizedummy
 
15:06:31 **** Incremental Build of configuration Debug for project Control_MC2 ****
make all 
Invoking: Print Size
avr-size --format=avr --mcu=atmega32 Control_MC2.elf
AVR Memory Usage
----------------
Device: atmega32

Program:    8592 bytes (26.2% Full)
(.text + .data + .bootloader)

Data:        274 bytes (13.4% Full)
(.data + .bss + .noinit)


Finished building: sizedummy
 
15:06:31 **** Incremental Build of configuration Debug for project HMI_MC1 ****
make all 
Building file: ../HMI.c
Invoking: AVR Compiler
avr-gcc -Wall -g2 -gstabs -O0 -fpack-struct -fshort-enums -ffunction-sections -fdata-sections -std=gnu99 -funsigned-char -funsigned-bitfields -mmcu=atmega32 -DF_CPU=8000000UL -MMD -MP -MF"HMI.d" -MT"HMI.o" -c -o "HMI.o" "../HMI.c"
In file included from ../micro_config.h:19,
                 from ../UART.h:11,
                 from ../HMI.c:8:
c:/winavr-20100110/lib/gcc/../../avr/include/util/delay.h:90:3: warning: #warning "Compiler optimizations disabled; functions from <util/delay.h> won't work as designed"
Finished building: ../HMI.c
 
Building file: ../keypad.c
Invoking: AVR Compiler
avr-gcc -Wall -g2 -gstabs -O0 -fpack-struct -fshort-enums -ffunction-sections -fdata-sections -std=gnu99 -funsigned-char -funsigned-bitfields -mmcu=atmega32 -DF_CPU=8000000UL -MMD -MP -MF"keypad.d" -MT"keypad.o" -c -o "keypad.o" "../keypad.c"
In file included from ../micro_config.h:19,
                 from ../keypad.h:17,
                 from ../keypad.c:13:
c:/winavr-20100110/lib/gcc/../../avr/include/util/delay.h:90:3: warning: #warning "Compiler optimizations disabled; functions from <util/delay.h> won't work as designed"
Finished building: ../keypad.c
 
Building target: HMI_MC1.elf
Invoking: AVR C Linker
avr-gcc -Wl,-Map,HMI_MC1.map -mmcu=atmega32 -o "HMI_MC1.elf"  ./HMI.o ./LCD.o ./Timer1.o ./UART.o ./keypad.o   
Finished building target: HMI_MC1.elf
 
Invoking: AVR Create Extended Listing
avr-objdump -h -S HMI_MC1.elf  >"HMI_MC1.lss"
Finished building: HMI_MC1.lss
 
Invoking: Print Size
avr-size --format=avr --mcu=atmega32 HMI_MC1.elf
AVR Memory Usage
----------------
Device: atmega32

Program:   19994 bytes (61.0% Full)
(.text + .data + .bootloader)

Data:        454 bytes (22.2% Full)
(.data + .bss + .noinit)


Finished building: sizedummy
 
15:10:45 **** Incremental Build of configuration Debug for project Control_MC2 ****
make all 
Building file: ../CONTROL.c
Invoking: AVR Compiler
avr-gcc -Wall -g2 -gstabs -O0 -fpack-struct -fshort-enums -ffunction-sections -fdata-sections -std=gnu99 -funsigned-char -funsigned-bitfields -mmcu=atmega32 -DF_CPU=8000000UL -MMD -MP -MF"CONTROL.d" -MT"CONTROL.o" -c -o "CONTROL.o" "../CONTROL.c"
In file included from ../micro_config.h:22,
                 from ../E2PROM.h:11,
                 from ../CONTROL.c:7:
c:/winavr-20100110/lib/gcc/../../avr/include/util/delay.h:90:3: warning: #warning "Compiler optimizations disabled; functions from <util/delay.h> won't work as designed"
Finished building: ../CONTROL.c
 
Building target: Control_MC2.elf
Invoking: AVR C Linker
avr-gcc -Wl,-Map,Control_MC2.map -mmcu=atmega32 -o "Control_MC2.elf"  ./CONTROL.o ./E2PROM.o ./I2C.o ./Timer1.o ./UART.o   
Finished building target: Control_MC2.elf
 
Invoking: AVR Create Extended Listing
avr-objdump -h -S Control_MC2.elf  >"Control_MC2.lss"
Finished building: Control_MC2.lss
 
Invoking: Print Size
avr-size --format=avr --mcu=atmega32 Control_MC2.elf
AVR Memory Usage
----------------
Device: atmega32

Program:    8592 bytes (26.2% Full)
(.text + .data + .bootloader)

Data:        274 bytes (13.4% Full)
(.data + .bss + .noinit)


Finished building: sizedummy
 
15:10:46 **** Incremental Build of configuration Debug for project HMI_MC1 ****
make all 
Invoking: Print Size
avr-size --format=avr --mcu=atmega32 HMI_MC1.elf
AVR Memory Usage
----------------
Device: atmega32

Program:   19994 bytes (61.0% Full)
(.text + .data + .bootloader)

Data:        454 bytes (22.2% Full)
(.data + .bss + .noinit)


Finished building: sizedummy
 
